# JRE version: Java(TM) SE Runtime Environment (10.0.2+13) (build 10.0.2+13)
# Java VM: Java HotSpot(TM) 64-Bit Server VM (10.0.2+13, mixed mode, tiered, compressed oops, g1 gc, windows-amd64)
Heap:
 garbage-first heap   total 524288K, used 60471K [0x00000000c0000000, 0x0000000100000000)
  region size 1024K, 55 young (56320K), 6 survivors (6144K)
 Metaspace       used 42273K, capacity 43176K, committed 43696K, reserved 1087488K
  class space    used 5411K, capacity 5708K, committed 5808K, reserved 1048576K
GC Heap History (8 events):
Event: 313.076 GC heap before
{Heap before GC invocations=0 (full 0):
 garbage-first heap   total 524288K, used 25600K [0x00000000c0000000, 0x0000000100000000)
  region size 1024K, 25 young (25600K), 0 survivors (0K)
 Metaspace       used 12404K, capacity 12728K, committed 13056K, reserved 1060864K
  class space    used 1135K, capacity 1218K, committed 1280K, reserved 1048576K
}
Event: 313.080 GC heap after
{Heap after GC invocations=1 (full 0):
 garbage-first heap   total 524288K, used 4014K [0x00000000c0000000, 0x0000000100000000)
  region size 1024K, 4 young (4096K), 4 survivors (4096K)
 Metaspace       used 12404K, capacity 12728K, committed 13056K, reserved 1060864K
  class space    used 1135K, capacity 1218K, committed 1280K, reserved 1048576K
}
Event: 314.681 GC heap before
{Heap before GC invocations=1 (full 0):
 garbage-first heap   total 524288K, used 29614K [0x00000000c0000000, 0x0000000100000000)
  region size 1024K, 30 young (30720K), 4 survivors (4096K)
 Metaspace       used 20628K, capacity 21057K, committed 21296K, reserved 1069056K
  class space    used 2435K, capacity 2569K, committed 2608K, reserved 1048576K
}
Event: 314.686 GC heap after
{Heap after GC invocations=2 (full 0):
 garbage-first heap   total 524288K, used 5696K [0x00000000c0000000, 0x0000000100000000)
  region size 1024K, 6 young (6144K), 6 survivors (6144K)
 Metaspace       used 20628K, capacity 21057K, committed 21296K, reserved 1069056K
  class space    used 2435K, capacity 2569K, committed 2608K, reserved 1048576K
}
Event: 317.132 GC heap before
{Heap before GC invocations=3 (full 0):
 garbage-first heap   total 524288K, used 49728K [0x00000000c0000000, 0x0000000100000000)
  region size 1024K, 49 young (50176K), 6 survivors (6144K)
 Metaspace       used 33930K, capacity 34667K, committed 35120K, reserved 1079296K
  class space    used 4398K, capacity 4643K, committed 4656K, reserved 1048576K
}
Event: 317.146 GC heap after
{Heap after GC invocations=4 (full 0):
 garbage-first heap   total 524288K, used 10815K [0x00000000c0000000, 0x0000000100000000)
  region size 1024K, 7 young (7168K), 7 survivors (7168K)
 Metaspace       used 33930K, capacity 34667K, committed 35120K, reserved 1079296K
  class space    used 4398K, capacity 4643K, committed 4656K, reserved 1048576K
}
Event: 317.561 GC heap before
{Heap before GC invocations=4 (full 0):
 garbage-first heap   total 524288K, used 13887K [0x00000000c0000000, 0x0000000100000000)
  region size 1024K, 11 young (11264K), 7 survivors (7168K)
 Metaspace       used 34913K, capacity 35585K, committed 35920K, reserved 1081344K
  class space    used 4490K, capacity 4731K, committed 4784K, reserved 1048576K
}
Event: 317.569 GC heap after
{Heap after GC invocations=5 (full 0):
 garbage-first heap   total 524288K, used 11319K [0x00000000c0000000, 0x0000000100000000)
  region size 1024K, 6 young (6144K), 6 survivors (6144K)
 Metaspace       used 34913K, capacity 35585K, committed 35920K, reserved 1081344K
  class space    used 4490K, capacity 4731K, committed 4784K, reserved 1048576K
}

